

Terminals which are not used:

   TEOF
   TEIF
   TERROR
   TCOMMENT
   THEX
   TOCT


Conflict in state 194 between rule 67 and token TELSE resolved as shift.
State 59 contains 1 shift/reduce conflict.

Grammar
rule 1    mini_c -> translation_unit
rule 2    translation_unit -> external_dcl
rule 3    translation_unit -> translation_unit external_dcl
rule 4    external_dcl -> function_def
rule 5    external_dcl -> declaration
rule 6    external_dcl -> TIDENT TSEMI
rule 7    external_dcl -> TIDENT error
rule 8    function_def -> function_header compound_st
rule 9    function_def -> function_header error
rule 10   function_def -> error compound_st
rule 11   function_header -> dcl_spec function_name formal_param
rule 12   dcl_spec -> dcl_specifiers
rule 13   dcl_specifiers -> dcl_specifier
rule 14   dcl_specifiers -> dcl_specifiers dcl_specifier
rule 15   dcl_specifier -> type_qualifier
rule 16   dcl_specifier -> type_specifier
rule 17   type_qualifier -> TCONST
rule 18   type_specifier -> TINT
rule 19   type_specifier -> TVOID
rule 20   type_specifier -> TFLOAT
rule 21   function_name -> TIDENT
rule 22   formal_param -> TLPAREN opt_formal_param TRPAREN
rule 23   formal_param -> TLPAREN opt_formal_param error
rule 24   opt_formal_param -> formal_param_list
rule 25   opt_formal_param ->		/* empty */
rule 26   formal_param_list -> param_dcl
rule 27   formal_param_list -> formal_param_list TCOMMA param_dcl
rule 28   formal_param_list -> formal_param_list TCOMMA error
rule 29   formal_param_list -> formal_param_list param_dcl
rule 30   param_dcl -> dcl_spec declarator
rule 31   compound_st -> TLBRACE opt_dcl_list opt_stat_list TRBRACE
rule 32   compound_st -> TLBRACE compound error
rule 33   compound -> opt_dcl_list opt_stat_list
rule 34   opt_dcl_list -> declaration_list
rule 35   opt_dcl_list ->		/* empty */
rule 36   declaration_list -> declaration
rule 37   declaration_list -> declaration_list declaration
rule 38   declaration -> dcl_spec init_dcl_list TSEMI
rule 39   declaration -> dcl_spec init_dcl_list error
rule 40   init_dcl_list -> init_declarator
rule 41   init_dcl_list -> init_dcl_list TCOMMA init_declarator
rule 42   init_dcl_list -> init_dcl_list init_declarator
rule 43   init_declarator -> declarator
rule 44   init_declarator -> declarator TASSIGN TNUMBER
rule 45   init_declarator -> declarator TEQUAL TNUMBER
rule 46   init_declarator -> declarator TASSIGN TREALNUMBER
rule 47   init_declarator -> declarator TEQUAL TREALNUMBER
rule 48   declarator -> TIDENT
rule 49   declarator -> TIDENT TLBRACKET opt_number TRBRACKET
rule 50   declarator -> TIDENT TLBRACKET opt_number error
rule 51   opt_number -> TNUMBER
rule 52   opt_number ->		/* empty */
rule 53   opt_stat_list -> statement_list
rule 54   opt_stat_list ->		/* empty */
rule 55   statement_list -> statement
rule 56   statement_list -> statement_list error
rule 57   statement_list -> statement_list statement
rule 58   statement -> compound_st
rule 59   statement -> expression_st
rule 60   statement -> if_st
rule 61   statement -> while_st
rule 62   statement -> return_st
rule 63   expression_st -> opt_expression TSEMI
rule 64   expression_st -> expression error
rule 65   opt_expression -> expression
rule 66   opt_expression ->		/* empty */
rule 67   if_st -> TIF TLPAREN expression TRPAREN statement
rule 68   if_st -> TIF TLPAREN expression TRPAREN statement TELSE statement
rule 69   if_st -> TIF TLPAREN expression error
rule 70   if_st -> TIF TLPAREN TRPAREN error
rule 71   if_st -> TIF error
rule 72   while_st -> TWHILE TLPAREN expression TRPAREN TLBRACE statement TRBRACE
rule 73   while_st -> TWHILE TLPAREN expression TRPAREN TLBRACE statement error
rule 74   while_st -> TWHILE TLPAREN expression error
rule 75   while_st -> TWHILE TLPAREN TRPAREN error
rule 76   while_st -> TWHILE error
rule 77   return_st -> TRETURN opt_expression TSEMI
rule 78   return_st -> TRETURN opt_expression error
rule 79   expression -> assignment_exp
rule 80   assignment_exp -> logical_or_exp
rule 81   assignment_exp -> unary_exp TASSIGN assignment_exp
rule 82   assignment_exp -> unary_exp TADDASSIGN assignment_exp
rule 83   assignment_exp -> unary_exp TSUBASSIGN assignment_exp
rule 84   assignment_exp -> unary_exp TMULASSIGN assignment_exp
rule 85   assignment_exp -> unary_exp TDIVASSIGN assignment_exp
rule 86   assignment_exp -> unary_exp TMODASSIGN assignment_exp
rule 87   assignment_exp -> unary_exp TASSIGN
rule 88   assignment_exp -> unary_exp TADDASSIGN
rule 89   assignment_exp -> unary_exp TSUBASSIGN
rule 90   assignment_exp -> unary_exp TMULASSIGN
rule 91   assignment_exp -> unary_exp TDIVASSIGN
rule 92   assignment_exp -> unary_exp TMODASSIGN
rule 93   logical_or_exp -> logical_and_exp
rule 94   logical_or_exp -> logical_or_exp TOR logical_and_exp
rule 95   logical_or_exp -> logical_or_exp TOR error
rule 96   logical_and_exp -> equality_exp
rule 97   logical_and_exp -> logical_and_exp TAND equality_exp
rule 98   logical_and_exp -> logical_and_exp TAND error
rule 99   equality_exp -> relational_exp
rule 100  equality_exp -> equality_exp TEQUAL relational_exp
rule 101  equality_exp -> equality_exp TNOTEQU relational_exp
rule 102  equality_exp -> equality_exp TEQUAL error
rule 103  equality_exp -> equality_exp TNOTEQU error
rule 104  relational_exp -> additive_exp
rule 105  relational_exp -> relational_exp TGREAT additive_exp
rule 106  relational_exp -> relational_exp TLESS additive_exp
rule 107  relational_exp -> relational_exp TGREATE additive_exp
rule 108  relational_exp -> relational_exp TLESSE additive_exp
rule 109  relational_exp -> relational_exp TGREAT error
rule 110  relational_exp -> relational_exp TLESS error
rule 111  relational_exp -> relational_exp TGREATE error
rule 112  relational_exp -> relational_exp TLESSE error
rule 113  additive_exp -> multiplicative_exp
rule 114  additive_exp -> additive_exp TPLUS multiplicative_exp
rule 115  additive_exp -> additive_exp TMINUS multiplicative_exp
rule 116  additive_exp -> additive_exp TPLUS error
rule 117  additive_exp -> additive_exp TMINUS error
rule 118  multiplicative_exp -> unary_exp
rule 119  multiplicative_exp -> multiplicative_exp TSTAR unary_exp
rule 120  multiplicative_exp -> multiplicative_exp TSLASH unary_exp
rule 121  multiplicative_exp -> multiplicative_exp TMOD unary_exp
rule 122  multiplicative_exp -> multiplicative_exp TSTAR error
rule 123  multiplicative_exp -> multiplicative_exp TSLASH error
rule 124  multiplicative_exp -> multiplicative_exp TMOD error
rule 125  unary_exp -> postfix_exp
rule 126  unary_exp -> TMINUS unary_exp
rule 127  unary_exp -> TNOT unary_exp
rule 128  unary_exp -> TINC unary_exp
rule 129  unary_exp -> TDEC unary_exp
rule 130  postfix_exp -> primary_exp
rule 131  postfix_exp -> postfix_exp TLBRACKET expression TRBRACKET
rule 132  postfix_exp -> postfix_exp TLBRACKET expression error
rule 133  postfix_exp -> postfix_exp TLPAREN opt_actual_param TRPAREN
rule 134  postfix_exp -> postfix_exp TLPAREN opt_actual_param error
rule 135  postfix_exp -> postfix_exp TINC
rule 136  postfix_exp -> postfix_exp TDEC
rule 137  opt_actual_param -> actual_param
rule 138  opt_actual_param ->		/* empty */
rule 139  actual_param -> actual_param_list
rule 140  actual_param_list -> assignment_exp
rule 141  actual_param_list -> actual_param_list TCOMMA assignment_exp
rule 142  primary_exp -> TIDENT
rule 143  primary_exp -> TNUMBER
rule 144  primary_exp -> TREALNUMBER
rule 145  primary_exp -> TLPAREN expression TRPAREN
rule 146  primary_exp -> TLPAREN expression error

Terminals, with rules where they appear

$ (-1)
error (256) 7 9 10 23 28 32 39 50 56 64 69 70 71 73 74 75 76 78 95
    98 102 103 109 110 111 112 116 117 122 123 124 132 134 146
TEOF (258)
TIDENT (259) 6 7 21 48 49 50 142
TNUMBER (260) 44 45 51 143
TREALNUMBER (261) 46 47 144
TCONST (262) 17
TELSE (263) 68
TIF (264) 67 68 69 70 71
TEIF (265)
TINT (266) 18
TRETURN (267) 77 78
TVOID (268) 19
TWHILE (269) 72 73 74 75 76
TFLOAT (270) 20
TASSIGN (271) 44 46 81 87
TADDASSIGN (272) 82 88
TSUBASSIGN (273) 83 89
TMULASSIGN (274) 84 90
TDIVASSIGN (275) 85 91
TMODASSIGN (276) 86 92
TNOT (277) 127
TOR (278) 94 95
TAND (279) 97 98
TEQUAL (280) 45 47 100 102
TNOTEQU (281) 101 103
TGREAT (282) 105 109
TGREATE (283) 107 111
TLESS (284) 106 110
TLESSE (285) 108 112
TINC (286) 128 135
TDEC (287) 129 136
TERROR (288)
TPLUS (289) 114 116
TMINUS (290) 115 117 126
TSTAR (291) 119 122
TSLASH (292) 120 123
TMOD (293) 121 124
TLPAREN (294) 22 23 67 68 69 70 72 73 74 75 133 134 145 146
TRPAREN (295) 22 67 68 70 72 73 75 133 145
TCOMMA (296) 27 28 41 141
TLBRACE (297) 31 32 72 73
TRBRACE (298) 31 72
TLBRACKET (299) 49 50 131 132
TRBRACKET (300) 49 131
TSEMI (301) 6 38 63 77
TCOMMENT (302)
THEX (303)
TOCT (304)
LOWER_THAN_ELSE (305)

Nonterminals, with rules where they appear

mini_c (51)
    on left: 1
translation_unit (52)
    on left: 2 3, on right: 1 3
external_dcl (53)
    on left: 4 5 6 7, on right: 2 3
function_def (54)
    on left: 8 9 10, on right: 4
function_header (55)
    on left: 11, on right: 8 9
dcl_spec (56)
    on left: 12, on right: 11 30 38 39
dcl_specifiers (57)
    on left: 13 14, on right: 12 14
dcl_specifier (58)
    on left: 15 16, on right: 13 14
type_qualifier (59)
    on left: 17, on right: 15
type_specifier (60)
    on left: 18 19 20, on right: 16
function_name (61)
    on left: 21, on right: 11
formal_param (62)
    on left: 22 23, on right: 11
opt_formal_param (63)
    on left: 24 25, on right: 22 23
formal_param_list (64)
    on left: 26 27 28 29, on right: 24 27 28 29
param_dcl (65)
    on left: 30, on right: 26 27 29
compound_st (66)
    on left: 31 32, on right: 8 10 58
compound (67)
    on left: 33, on right: 32
opt_dcl_list (68)
    on left: 34 35, on right: 31 33
declaration_list (69)
    on left: 36 37, on right: 34 37
declaration (70)
    on left: 38 39, on right: 5 36 37
init_dcl_list (71)
    on left: 40 41 42, on right: 38 39 41 42
init_declarator (72)
    on left: 43 44 45 46 47, on right: 40 41 42
declarator (73)
    on left: 48 49 50, on right: 30 43 44 45 46 47
opt_number (74)
    on left: 51 52, on right: 49 50
opt_stat_list (75)
    on left: 53 54, on right: 31 33
statement_list (76)
    on left: 55 56 57, on right: 53 56 57
statement (77)
    on left: 58 59 60 61 62, on right: 55 57 67 68 72 73
expression_st (78)
    on left: 63 64, on right: 59
opt_expression (79)
    on left: 65 66, on right: 63 77 78
if_st (80)
    on left: 67 68 69 70 71, on right: 60
while_st (81)
    on left: 72 73 74 75 76, on right: 61
return_st (82)
    on left: 77 78, on right: 62
expression (83)
    on left: 79, on right: 64 65 67 68 69 72 73 74 131 132 145 146
assignment_exp (84)
    on left: 80 81 82 83 84 85 86 87 88 89 90 91 92,
    on right: 79 81 82 83 84 85 86 140 141
logical_or_exp (85)
    on left: 93 94 95, on right: 80 94 95
logical_and_exp (86)
    on left: 96 97 98, on right: 93 94 97 98
equality_exp (87)
    on left: 99 100 101 102 103, on right: 96 97 100 101 102 103
relational_exp (88)
    on left: 104 105 106 107 108 109 110 111 112, on right: 99 100
    101 105 106 107 108 109 110 111 112
additive_exp (89)
    on left: 113 114 115 116 117, on right: 104 105 106 107 108 114
    115 116 117
multiplicative_exp (90)
    on left: 118 119 120 121 122 123 124, on right: 113 114 115 119
    120 121 122 123 124
unary_exp (91)
    on left: 125 126 127 128 129, on right: 81 82 83 84 85 86 87 88
    89 90 91 92 118 119 120 121 126 127 128 129
postfix_exp (92)
    on left: 130 131 132 133 134 135 136, on right: 125 131 132 133
    134 135 136
opt_actual_param (93)
    on left: 137 138, on right: 133 134
actual_param (94)
    on left: 139, on right: 137
actual_param_list (95)
    on left: 140 141, on right: 139 141
primary_exp (96)
    on left: 142 143 144 145 146, on right: 130


state 0

    error	shift, and go to state 1
    TIDENT	shift, and go to state 2
    TCONST	shift, and go to state 3
    TINT	shift, and go to state 4
    TVOID	shift, and go to state 5
    TFLOAT	shift, and go to state 6

    mini_c	go to state 202
    translation_unit	go to state 7
    external_dcl	go to state 8
    function_def	go to state 9
    function_header	go to state 10
    dcl_spec	go to state 11
    dcl_specifiers	go to state 12
    dcl_specifier	go to state 13
    type_qualifier	go to state 14
    type_specifier	go to state 15
    declaration	go to state 16



state 1

    function_def  ->  error . compound_st   (rule 10)

    TLBRACE	shift, and go to state 17

    compound_st	go to state 18



state 2

    external_dcl  ->  TIDENT . TSEMI   (rule 6)
    external_dcl  ->  TIDENT . error   (rule 7)

    error	shift, and go to state 19
    TSEMI	shift, and go to state 20



state 3

    type_qualifier  ->  TCONST .   (rule 17)

    $default	reduce using rule 17 (type_qualifier)



state 4

    type_specifier  ->  TINT .   (rule 18)

    $default	reduce using rule 18 (type_specifier)



state 5

    type_specifier  ->  TVOID .   (rule 19)

    $default	reduce using rule 19 (type_specifier)



state 6

    type_specifier  ->  TFLOAT .   (rule 20)

    $default	reduce using rule 20 (type_specifier)



state 7

    mini_c  ->  translation_unit .   (rule 1)
    translation_unit  ->  translation_unit . external_dcl   (rule 3)

    error	shift, and go to state 1
    TIDENT	shift, and go to state 2
    TCONST	shift, and go to state 3
    TINT	shift, and go to state 4
    TVOID	shift, and go to state 5
    TFLOAT	shift, and go to state 6

    $   	reduce using rule 1 (mini_c)

    external_dcl	go to state 21
    function_def	go to state 9
    function_header	go to state 10
    dcl_spec	go to state 11
    dcl_specifiers	go to state 12
    dcl_specifier	go to state 13
    type_qualifier	go to state 14
    type_specifier	go to state 15
    declaration	go to state 16



state 8

    translation_unit  ->  external_dcl .   (rule 2)

    $default	reduce using rule 2 (translation_unit)



state 9

    external_dcl  ->  function_def .   (rule 4)

    $default	reduce using rule 4 (external_dcl)



state 10

    function_def  ->  function_header . compound_st   (rule 8)
    function_def  ->  function_header . error   (rule 9)

    error	shift, and go to state 22
    TLBRACE	shift, and go to state 17

    compound_st	go to state 23



state 11

    function_header  ->  dcl_spec . function_name formal_param   (rule 11)
    declaration  ->  dcl_spec . init_dcl_list TSEMI   (rule 38)
    declaration  ->  dcl_spec . init_dcl_list error   (rule 39)

    TIDENT	shift, and go to state 24

    function_name	go to state 25
    init_dcl_list	go to state 26
    init_declarator	go to state 27
    declarator	go to state 28



state 12

    dcl_spec  ->  dcl_specifiers .   (rule 12)
    dcl_specifiers  ->  dcl_specifiers . dcl_specifier   (rule 14)

    TCONST	shift, and go to state 3
    TINT	shift, and go to state 4
    TVOID	shift, and go to state 5
    TFLOAT	shift, and go to state 6

    $default	reduce using rule 12 (dcl_spec)

    dcl_specifier	go to state 29
    type_qualifier	go to state 14
    type_specifier	go to state 15



state 13

    dcl_specifiers  ->  dcl_specifier .   (rule 13)

    $default	reduce using rule 13 (dcl_specifiers)



state 14

    dcl_specifier  ->  type_qualifier .   (rule 15)

    $default	reduce using rule 15 (dcl_specifier)



state 15

    dcl_specifier  ->  type_specifier .   (rule 16)

    $default	reduce using rule 16 (dcl_specifier)



state 16

    external_dcl  ->  declaration .   (rule 5)

    $default	reduce using rule 5 (external_dcl)



state 17

    compound_st  ->  TLBRACE . opt_dcl_list opt_stat_list TRBRACE   (rule 31)
    compound_st  ->  TLBRACE . compound error   (rule 32)

    TCONST	shift, and go to state 3
    TINT	shift, and go to state 4
    TVOID	shift, and go to state 5
    TFLOAT	shift, and go to state 6

    $default	reduce using rule 35 (opt_dcl_list)

    dcl_spec	go to state 30
    dcl_specifiers	go to state 12
    dcl_specifier	go to state 13
    type_qualifier	go to state 14
    type_specifier	go to state 15
    compound	go to state 31
    opt_dcl_list	go to state 32
    declaration_list	go to state 33
    declaration	go to state 34



state 18

    function_def  ->  error compound_st .   (rule 10)

    $default	reduce using rule 10 (function_def)



state 19

    external_dcl  ->  TIDENT error .   (rule 7)

    $default	reduce using rule 7 (external_dcl)



state 20

    external_dcl  ->  TIDENT TSEMI .   (rule 6)

    $default	reduce using rule 6 (external_dcl)



state 21

    translation_unit  ->  translation_unit external_dcl .   (rule 3)

    $default	reduce using rule 3 (translation_unit)



state 22

    function_def  ->  function_header error .   (rule 9)

    $default	reduce using rule 9 (function_def)



state 23

    function_def  ->  function_header compound_st .   (rule 8)

    $default	reduce using rule 8 (function_def)



state 24

    function_name  ->  TIDENT .   (rule 21)
    declarator  ->  TIDENT .   (rule 48)
    declarator  ->  TIDENT . TLBRACKET opt_number TRBRACKET   (rule 49)
    declarator  ->  TIDENT . TLBRACKET opt_number error   (rule 50)

    TLBRACKET	shift, and go to state 35

    TLPAREN	reduce using rule 21 (function_name)
    $default	reduce using rule 48 (declarator)



state 25

    function_header  ->  dcl_spec function_name . formal_param   (rule 11)

    TLPAREN	shift, and go to state 36

    formal_param	go to state 37



state 26

    declaration  ->  dcl_spec init_dcl_list . TSEMI   (rule 38)
    declaration  ->  dcl_spec init_dcl_list . error   (rule 39)
    init_dcl_list  ->  init_dcl_list . TCOMMA init_declarator   (rule 41)
    init_dcl_list  ->  init_dcl_list . init_declarator   (rule 42)

    error	shift, and go to state 38
    TIDENT	shift, and go to state 39
    TCOMMA	shift, and go to state 40
    TSEMI	shift, and go to state 41

    init_declarator	go to state 42
    declarator	go to state 28



state 27

    init_dcl_list  ->  init_declarator .   (rule 40)

    $default	reduce using rule 40 (init_dcl_list)



state 28

    init_declarator  ->  declarator .   (rule 43)
    init_declarator  ->  declarator . TASSIGN TNUMBER   (rule 44)
    init_declarator  ->  declarator . TEQUAL TNUMBER   (rule 45)
    init_declarator  ->  declarator . TASSIGN TREALNUMBER   (rule 46)
    init_declarator  ->  declarator . TEQUAL TREALNUMBER   (rule 47)

    TASSIGN	shift, and go to state 43
    TEQUAL	shift, and go to state 44

    $default	reduce using rule 43 (init_declarator)



state 29

    dcl_specifiers  ->  dcl_specifiers dcl_specifier .   (rule 14)

    $default	reduce using rule 14 (dcl_specifiers)



state 30

    declaration  ->  dcl_spec . init_dcl_list TSEMI   (rule 38)
    declaration  ->  dcl_spec . init_dcl_list error   (rule 39)

    TIDENT	shift, and go to state 39

    init_dcl_list	go to state 26
    init_declarator	go to state 27
    declarator	go to state 28



state 31

    compound_st  ->  TLBRACE compound . error   (rule 32)

    error	shift, and go to state 45



state 32

    compound_st  ->  TLBRACE opt_dcl_list . opt_stat_list TRBRACE   (rule 31)
    compound  ->  opt_dcl_list . opt_stat_list   (rule 33)

    TIDENT	shift, and go to state 46
    TNUMBER	shift, and go to state 47
    TREALNUMBER	shift, and go to state 48
    TIF 	shift, and go to state 49
    TRETURN	shift, and go to state 50
    TWHILE	shift, and go to state 51
    TNOT	shift, and go to state 52
    TINC	shift, and go to state 53
    TDEC	shift, and go to state 54
    TMINUS	shift, and go to state 55
    TLPAREN	shift, and go to state 56
    TLBRACE	shift, and go to state 17

    TSEMI	reduce using rule 66 (opt_expression)
    $default	reduce using rule 54 (opt_stat_list)

    compound_st	go to state 57
    opt_stat_list	go to state 58
    statement_list	go to state 59
    statement	go to state 60
    expression_st	go to state 61
    opt_expression	go to state 62
    if_st	go to state 63
    while_st	go to state 64
    return_st	go to state 65
    expression	go to state 66
    assignment_exp	go to state 67
    logical_or_exp	go to state 68
    logical_and_exp	go to state 69
    equality_exp	go to state 70
    relational_exp	go to state 71
    additive_exp	go to state 72
    multiplicative_exp	go to state 73
    unary_exp	go to state 74
    postfix_exp	go to state 75
    primary_exp	go to state 76



state 33

    opt_dcl_list  ->  declaration_list .   (rule 34)
    declaration_list  ->  declaration_list . declaration   (rule 37)

    TCONST	shift, and go to state 3
    TINT	shift, and go to state 4
    TVOID	shift, and go to state 5
    TFLOAT	shift, and go to state 6

    $default	reduce using rule 34 (opt_dcl_list)

    dcl_spec	go to state 30
    dcl_specifiers	go to state 12
    dcl_specifier	go to state 13
    type_qualifier	go to state 14
    type_specifier	go to state 15
    declaration	go to state 77



state 34

    declaration_list  ->  declaration .   (rule 36)

    $default	reduce using rule 36 (declaration_list)



state 35

    declarator  ->  TIDENT TLBRACKET . opt_number TRBRACKET   (rule 49)
    declarator  ->  TIDENT TLBRACKET . opt_number error   (rule 50)

    TNUMBER	shift, and go to state 78

    $default	reduce using rule 52 (opt_number)

    opt_number	go to state 79



state 36

    formal_param  ->  TLPAREN . opt_formal_param TRPAREN   (rule 22)
    formal_param  ->  TLPAREN . opt_formal_param error   (rule 23)

    TCONST	shift, and go to state 3
    TINT	shift, and go to state 4
    TVOID	shift, and go to state 5
    TFLOAT	shift, and go to state 6

    $default	reduce using rule 25 (opt_formal_param)

    dcl_spec	go to state 80
    dcl_specifiers	go to state 12
    dcl_specifier	go to state 13
    type_qualifier	go to state 14
    type_specifier	go to state 15
    opt_formal_param	go to state 81
    formal_param_list	go to state 82
    param_dcl	go to state 83



state 37

    function_header  ->  dcl_spec function_name formal_param .   (rule 11)

    $default	reduce using rule 11 (function_header)



state 38

    declaration  ->  dcl_spec init_dcl_list error .   (rule 39)

    $default	reduce using rule 39 (declaration)



state 39

    declarator  ->  TIDENT .   (rule 48)
    declarator  ->  TIDENT . TLBRACKET opt_number TRBRACKET   (rule 49)
    declarator  ->  TIDENT . TLBRACKET opt_number error   (rule 50)

    TLBRACKET	shift, and go to state 35

    $default	reduce using rule 48 (declarator)



state 40

    init_dcl_list  ->  init_dcl_list TCOMMA . init_declarator   (rule 41)

    TIDENT	shift, and go to state 39

    init_declarator	go to state 84
    declarator	go to state 28



state 41

    declaration  ->  dcl_spec init_dcl_list TSEMI .   (rule 38)

    $default	reduce using rule 38 (declaration)



state 42

    init_dcl_list  ->  init_dcl_list init_declarator .   (rule 42)

    $default	reduce using rule 42 (init_dcl_list)



state 43

    init_declarator  ->  declarator TASSIGN . TNUMBER   (rule 44)
    init_declarator  ->  declarator TASSIGN . TREALNUMBER   (rule 46)

    TNUMBER	shift, and go to state 85
    TREALNUMBER	shift, and go to state 86



state 44

    init_declarator  ->  declarator TEQUAL . TNUMBER   (rule 45)
    init_declarator  ->  declarator TEQUAL . TREALNUMBER   (rule 47)

    TNUMBER	shift, and go to state 87
    TREALNUMBER	shift, and go to state 88



state 45

    compound_st  ->  TLBRACE compound error .   (rule 32)

    $default	reduce using rule 32 (compound_st)



state 46

    primary_exp  ->  TIDENT .   (rule 142)

    $default	reduce using rule 142 (primary_exp)



state 47

    primary_exp  ->  TNUMBER .   (rule 143)

    $default	reduce using rule 143 (primary_exp)



state 48

    primary_exp  ->  TREALNUMBER .   (rule 144)

    $default	reduce using rule 144 (primary_exp)



state 49

    if_st  ->  TIF . TLPAREN expression TRPAREN statement   (rule 67)
    if_st  ->  TIF . TLPAREN expression TRPAREN statement TELSE statement   (rule 68)
    if_st  ->  TIF . TLPAREN expression error   (rule 69)
    if_st  ->  TIF . TLPAREN TRPAREN error   (rule 70)
    if_st  ->  TIF . error   (rule 71)

    error	shift, and go to state 89
    TLPAREN	shift, and go to state 90



state 50

    return_st  ->  TRETURN . opt_expression TSEMI   (rule 77)
    return_st  ->  TRETURN . opt_expression error   (rule 78)

    TIDENT	shift, and go to state 46
    TNUMBER	shift, and go to state 47
    TREALNUMBER	shift, and go to state 48
    TNOT	shift, and go to state 52
    TINC	shift, and go to state 53
    TDEC	shift, and go to state 54
    TMINUS	shift, and go to state 55
    TLPAREN	shift, and go to state 56

    $default	reduce using rule 66 (opt_expression)

    opt_expression	go to state 91
    expression	go to state 92
    assignment_exp	go to state 67
    logical_or_exp	go to state 68
    logical_and_exp	go to state 69
    equality_exp	go to state 70
    relational_exp	go to state 71
    additive_exp	go to state 72
    multiplicative_exp	go to state 73
    unary_exp	go to state 74
    postfix_exp	go to state 75
    primary_exp	go to state 76



state 51

    while_st  ->  TWHILE . TLPAREN expression TRPAREN TLBRACE statement TRBRACE   (rule 72)
    while_st  ->  TWHILE . TLPAREN expression TRPAREN TLBRACE statement error   (rule 73)
    while_st  ->  TWHILE . TLPAREN expression error   (rule 74)
    while_st  ->  TWHILE . TLPAREN TRPAREN error   (rule 75)
    while_st  ->  TWHILE . error   (rule 76)

    error	shift, and go to state 93
    TLPAREN	shift, and go to state 94



state 52

    unary_exp  ->  TNOT . unary_exp   (rule 127)

    TIDENT	shift, and go to state 46
    TNUMBER	shift, and go to state 47
    TREALNUMBER	shift, and go to state 48
    TNOT	shift, and go to state 52
    TINC	shift, and go to state 53
    TDEC	shift, and go to state 54
    TMINUS	shift, and go to state 55
    TLPAREN	shift, and go to state 56

    unary_exp	go to state 95
    postfix_exp	go to state 75
    primary_exp	go to state 76



state 53

    unary_exp  ->  TINC . unary_exp   (rule 128)

    TIDENT	shift, and go to state 46
    TNUMBER	shift, and go to state 47
    TREALNUMBER	shift, and go to state 48
    TNOT	shift, and go to state 52
    TINC	shift, and go to state 53
    TDEC	shift, and go to state 54
    TMINUS	shift, and go to state 55
    TLPAREN	shift, and go to state 56

    unary_exp	go to state 96
    postfix_exp	go to state 75
    primary_exp	go to state 76



state 54

    unary_exp  ->  TDEC . unary_exp   (rule 129)

    TIDENT	shift, and go to state 46
    TNUMBER	shift, and go to state 47
    TREALNUMBER	shift, and go to state 48
    TNOT	shift, and go to state 52
    TINC	shift, and go to state 53
    TDEC	shift, and go to state 54
    TMINUS	shift, and go to state 55
    TLPAREN	shift, and go to state 56

    unary_exp	go to state 97
    postfix_exp	go to state 75
    primary_exp	go to state 76



state 55

    unary_exp  ->  TMINUS . unary_exp   (rule 126)

    TIDENT	shift, and go to state 46
    TNUMBER	shift, and go to state 47
    TREALNUMBER	shift, and go to state 48
    TNOT	shift, and go to state 52
    TINC	shift, and go to state 53
    TDEC	shift, and go to state 54
    TMINUS	shift, and go to state 55
    TLPAREN	shift, and go to state 56

    unary_exp	go to state 98
    postfix_exp	go to state 75
    primary_exp	go to state 76



state 56

    primary_exp  ->  TLPAREN . expression TRPAREN   (rule 145)
    primary_exp  ->  TLPAREN . expression error   (rule 146)

    TIDENT	shift, and go to state 46
    TNUMBER	shift, and go to state 47
    TREALNUMBER	shift, and go to state 48
    TNOT	shift, and go to state 52
    TINC	shift, and go to state 53
    TDEC	shift, and go to state 54
    TMINUS	shift, and go to state 55
    TLPAREN	shift, and go to state 56

    expression	go to state 99
    assignment_exp	go to state 67
    logical_or_exp	go to state 68
    logical_and_exp	go to state 69
    equality_exp	go to state 70
    relational_exp	go to state 71
    additive_exp	go to state 72
    multiplicative_exp	go to state 73
    unary_exp	go to state 74
    postfix_exp	go to state 75
    primary_exp	go to state 76



state 57

    statement  ->  compound_st .   (rule 58)

    $default	reduce using rule 58 (statement)



state 58

    compound_st  ->  TLBRACE opt_dcl_list opt_stat_list . TRBRACE   (rule 31)
    compound  ->  opt_dcl_list opt_stat_list .   (rule 33)

    TRBRACE	shift, and go to state 100

    $default	reduce using rule 33 (compound)



state 59

    opt_stat_list  ->  statement_list .   (rule 53)
    statement_list  ->  statement_list . error   (rule 56)
    statement_list  ->  statement_list . statement   (rule 57)

    error	shift, and go to state 101
    TIDENT	shift, and go to state 46
    TNUMBER	shift, and go to state 47
    TREALNUMBER	shift, and go to state 48
    TIF 	shift, and go to state 49
    TRETURN	shift, and go to state 50
    TWHILE	shift, and go to state 51
    TNOT	shift, and go to state 52
    TINC	shift, and go to state 53
    TDEC	shift, and go to state 54
    TMINUS	shift, and go to state 55
    TLPAREN	shift, and go to state 56
    TLBRACE	shift, and go to state 17

    error	[reduce using rule 53 (opt_stat_list)]
    TRBRACE	reduce using rule 53 (opt_stat_list)
    TSEMI	reduce using rule 66 (opt_expression)

    compound_st	go to state 57
    statement	go to state 102
    expression_st	go to state 61
    opt_expression	go to state 62
    if_st	go to state 63
    while_st	go to state 64
    return_st	go to state 65
    expression	go to state 66
    assignment_exp	go to state 67
    logical_or_exp	go to state 68
    logical_and_exp	go to state 69
    equality_exp	go to state 70
    relational_exp	go to state 71
    additive_exp	go to state 72
    multiplicative_exp	go to state 73
    unary_exp	go to state 74
    postfix_exp	go to state 75
    primary_exp	go to state 76



state 60

    statement_list  ->  statement .   (rule 55)

    $default	reduce using rule 55 (statement_list)



state 61

    statement  ->  expression_st .   (rule 59)

    $default	reduce using rule 59 (statement)



state 62

    expression_st  ->  opt_expression . TSEMI   (rule 63)

    TSEMI	shift, and go to state 103



state 63

    statement  ->  if_st .   (rule 60)

    $default	reduce using rule 60 (statement)



state 64

    statement  ->  while_st .   (rule 61)

    $default	reduce using rule 61 (statement)



state 65

    statement  ->  return_st .   (rule 62)

    $default	reduce using rule 62 (statement)



state 66

    expression_st  ->  expression . error   (rule 64)
    opt_expression  ->  expression .   (rule 65)

    error	shift, and go to state 104

    TSEMI	reduce using rule 65 (opt_expression)



state 67

    expression  ->  assignment_exp .   (rule 79)

    $default	reduce using rule 79 (expression)



state 68

    assignment_exp  ->  logical_or_exp .   (rule 80)
    logical_or_exp  ->  logical_or_exp . TOR logical_and_exp   (rule 94)
    logical_or_exp  ->  logical_or_exp . TOR error   (rule 95)

    TOR 	shift, and go to state 105

    $default	reduce using rule 80 (assignment_exp)



state 69

    logical_or_exp  ->  logical_and_exp .   (rule 93)
    logical_and_exp  ->  logical_and_exp . TAND equality_exp   (rule 97)
    logical_and_exp  ->  logical_and_exp . TAND error   (rule 98)

    TAND	shift, and go to state 106

    $default	reduce using rule 93 (logical_or_exp)



state 70

    logical_and_exp  ->  equality_exp .   (rule 96)
    equality_exp  ->  equality_exp . TEQUAL relational_exp   (rule 100)
    equality_exp  ->  equality_exp . TNOTEQU relational_exp   (rule 101)
    equality_exp  ->  equality_exp . TEQUAL error   (rule 102)
    equality_exp  ->  equality_exp . TNOTEQU error   (rule 103)

    TEQUAL	shift, and go to state 107
    TNOTEQU	shift, and go to state 108

    $default	reduce using rule 96 (logical_and_exp)



state 71

    equality_exp  ->  relational_exp .   (rule 99)
    relational_exp  ->  relational_exp . TGREAT additive_exp   (rule 105)
    relational_exp  ->  relational_exp . TLESS additive_exp   (rule 106)
    relational_exp  ->  relational_exp . TGREATE additive_exp   (rule 107)
    relational_exp  ->  relational_exp . TLESSE additive_exp   (rule 108)
    relational_exp  ->  relational_exp . TGREAT error   (rule 109)
    relational_exp  ->  relational_exp . TLESS error   (rule 110)
    relational_exp  ->  relational_exp . TGREATE error   (rule 111)
    relational_exp  ->  relational_exp . TLESSE error   (rule 112)

    TGREAT	shift, and go to state 109
    TGREATE	shift, and go to state 110
    TLESS	shift, and go to state 111
    TLESSE	shift, and go to state 112

    $default	reduce using rule 99 (equality_exp)



state 72

    relational_exp  ->  additive_exp .   (rule 104)
    additive_exp  ->  additive_exp . TPLUS multiplicative_exp   (rule 114)
    additive_exp  ->  additive_exp . TMINUS multiplicative_exp   (rule 115)
    additive_exp  ->  additive_exp . TPLUS error   (rule 116)
    additive_exp  ->  additive_exp . TMINUS error   (rule 117)

    TPLUS	shift, and go to state 113
    TMINUS	shift, and go to state 114

    $default	reduce using rule 104 (relational_exp)



state 73

    additive_exp  ->  multiplicative_exp .   (rule 113)
    multiplicative_exp  ->  multiplicative_exp . TSTAR unary_exp   (rule 119)
    multiplicative_exp  ->  multiplicative_exp . TSLASH unary_exp   (rule 120)
    multiplicative_exp  ->  multiplicative_exp . TMOD unary_exp   (rule 121)
    multiplicative_exp  ->  multiplicative_exp . TSTAR error   (rule 122)
    multiplicative_exp  ->  multiplicative_exp . TSLASH error   (rule 123)
    multiplicative_exp  ->  multiplicative_exp . TMOD error   (rule 124)

    TSTAR	shift, and go to state 115
    TSLASH	shift, and go to state 116
    TMOD	shift, and go to state 117

    $default	reduce using rule 113 (additive_exp)



state 74

    assignment_exp  ->  unary_exp . TASSIGN assignment_exp   (rule 81)
    assignment_exp  ->  unary_exp . TADDASSIGN assignment_exp   (rule 82)
    assignment_exp  ->  unary_exp . TSUBASSIGN assignment_exp   (rule 83)
    assignment_exp  ->  unary_exp . TMULASSIGN assignment_exp   (rule 84)
    assignment_exp  ->  unary_exp . TDIVASSIGN assignment_exp   (rule 85)
    assignment_exp  ->  unary_exp . TMODASSIGN assignment_exp   (rule 86)
    assignment_exp  ->  unary_exp . TASSIGN   (rule 87)
    assignment_exp  ->  unary_exp . TADDASSIGN   (rule 88)
    assignment_exp  ->  unary_exp . TSUBASSIGN   (rule 89)
    assignment_exp  ->  unary_exp . TMULASSIGN   (rule 90)
    assignment_exp  ->  unary_exp . TDIVASSIGN   (rule 91)
    assignment_exp  ->  unary_exp . TMODASSIGN   (rule 92)
    multiplicative_exp  ->  unary_exp .   (rule 118)

    TASSIGN	shift, and go to state 118
    TADDASSIGN	shift, and go to state 119
    TSUBASSIGN	shift, and go to state 120
    TMULASSIGN	shift, and go to state 121
    TDIVASSIGN	shift, and go to state 122
    TMODASSIGN	shift, and go to state 123

    $default	reduce using rule 118 (multiplicative_exp)



state 75

    unary_exp  ->  postfix_exp .   (rule 125)
    postfix_exp  ->  postfix_exp . TLBRACKET expression TRBRACKET   (rule 131)
    postfix_exp  ->  postfix_exp . TLBRACKET expression error   (rule 132)
    postfix_exp  ->  postfix_exp . TLPAREN opt_actual_param TRPAREN   (rule 133)
    postfix_exp  ->  postfix_exp . TLPAREN opt_actual_param error   (rule 134)
    postfix_exp  ->  postfix_exp . TINC   (rule 135)
    postfix_exp  ->  postfix_exp . TDEC   (rule 136)

    TINC	shift, and go to state 124
    TDEC	shift, and go to state 125
    TLPAREN	shift, and go to state 126
    TLBRACKET	shift, and go to state 127

    $default	reduce using rule 125 (unary_exp)



state 76

    postfix_exp  ->  primary_exp .   (rule 130)

    $default	reduce using rule 130 (postfix_exp)



state 77

    declaration_list  ->  declaration_list declaration .   (rule 37)

    $default	reduce using rule 37 (declaration_list)



state 78

    opt_number  ->  TNUMBER .   (rule 51)

    $default	reduce using rule 51 (opt_number)



state 79

    declarator  ->  TIDENT TLBRACKET opt_number . TRBRACKET   (rule 49)
    declarator  ->  TIDENT TLBRACKET opt_number . error   (rule 50)

    error	shift, and go to state 128
    TRBRACKET	shift, and go to state 129



state 80

    param_dcl  ->  dcl_spec . declarator   (rule 30)

    TIDENT	shift, and go to state 39

    declarator	go to state 130



state 81

    formal_param  ->  TLPAREN opt_formal_param . TRPAREN   (rule 22)
    formal_param  ->  TLPAREN opt_formal_param . error   (rule 23)

    error	shift, and go to state 131
    TRPAREN	shift, and go to state 132



state 82

    opt_formal_param  ->  formal_param_list .   (rule 24)
    formal_param_list  ->  formal_param_list . TCOMMA param_dcl   (rule 27)
    formal_param_list  ->  formal_param_list . TCOMMA error   (rule 28)
    formal_param_list  ->  formal_param_list . param_dcl   (rule 29)

    TCONST	shift, and go to state 3
    TINT	shift, and go to state 4
    TVOID	shift, and go to state 5
    TFLOAT	shift, and go to state 6
    TCOMMA	shift, and go to state 133

    $default	reduce using rule 24 (opt_formal_param)

    dcl_spec	go to state 80
    dcl_specifiers	go to state 12
    dcl_specifier	go to state 13
    type_qualifier	go to state 14
    type_specifier	go to state 15
    param_dcl	go to state 134



state 83

    formal_param_list  ->  param_dcl .   (rule 26)

    $default	reduce using rule 26 (formal_param_list)



state 84

    init_dcl_list  ->  init_dcl_list TCOMMA init_declarator .   (rule 41)

    $default	reduce using rule 41 (init_dcl_list)



state 85

    init_declarator  ->  declarator TASSIGN TNUMBER .   (rule 44)

    $default	reduce using rule 44 (init_declarator)



state 86

    init_declarator  ->  declarator TASSIGN TREALNUMBER .   (rule 46)

    $default	reduce using rule 46 (init_declarator)



state 87

    init_declarator  ->  declarator TEQUAL TNUMBER .   (rule 45)

    $default	reduce using rule 45 (init_declarator)



state 88

    init_declarator  ->  declarator TEQUAL TREALNUMBER .   (rule 47)

    $default	reduce using rule 47 (init_declarator)



state 89

    if_st  ->  TIF error .   (rule 71)

    $default	reduce using rule 71 (if_st)



state 90

    if_st  ->  TIF TLPAREN . expression TRPAREN statement   (rule 67)
    if_st  ->  TIF TLPAREN . expression TRPAREN statement TELSE statement   (rule 68)
    if_st  ->  TIF TLPAREN . expression error   (rule 69)
    if_st  ->  TIF TLPAREN . TRPAREN error   (rule 70)

    TIDENT	shift, and go to state 46
    TNUMBER	shift, and go to state 47
    TREALNUMBER	shift, and go to state 48
    TNOT	shift, and go to state 52
    TINC	shift, and go to state 53
    TDEC	shift, and go to state 54
    TMINUS	shift, and go to state 55
    TLPAREN	shift, and go to state 56
    TRPAREN	shift, and go to state 135

    expression	go to state 136
    assignment_exp	go to state 67
    logical_or_exp	go to state 68
    logical_and_exp	go to state 69
    equality_exp	go to state 70
    relational_exp	go to state 71
    additive_exp	go to state 72
    multiplicative_exp	go to state 73
    unary_exp	go to state 74
    postfix_exp	go to state 75
    primary_exp	go to state 76



state 91

    return_st  ->  TRETURN opt_expression . TSEMI   (rule 77)
    return_st  ->  TRETURN opt_expression . error   (rule 78)

    error	shift, and go to state 137
    TSEMI	shift, and go to state 138



state 92

    opt_expression  ->  expression .   (rule 65)

    $default	reduce using rule 65 (opt_expression)



state 93

    while_st  ->  TWHILE error .   (rule 76)

    $default	reduce using rule 76 (while_st)



state 94

    while_st  ->  TWHILE TLPAREN . expression TRPAREN TLBRACE statement TRBRACE   (rule 72)
    while_st  ->  TWHILE TLPAREN . expression TRPAREN TLBRACE statement error   (rule 73)
    while_st  ->  TWHILE TLPAREN . expression error   (rule 74)
    while_st  ->  TWHILE TLPAREN . TRPAREN error   (rule 75)

    TIDENT	shift, and go to state 46
    TNUMBER	shift, and go to state 47
    TREALNUMBER	shift, and go to state 48
    TNOT	shift, and go to state 52
    TINC	shift, and go to state 53
    TDEC	shift, and go to state 54
    TMINUS	shift, and go to state 55
    TLPAREN	shift, and go to state 56
    TRPAREN	shift, and go to state 139

    expression	go to state 140
    assignment_exp	go to state 67
    logical_or_exp	go to state 68
    logical_and_exp	go to state 69
    equality_exp	go to state 70
    relational_exp	go to state 71
    additive_exp	go to state 72
    multiplicative_exp	go to state 73
    unary_exp	go to state 74
    postfix_exp	go to state 75
    primary_exp	go to state 76



state 95

    unary_exp  ->  TNOT unary_exp .   (rule 127)

    $default	reduce using rule 127 (unary_exp)



state 96

    unary_exp  ->  TINC unary_exp .   (rule 128)

    $default	reduce using rule 128 (unary_exp)



state 97

    unary_exp  ->  TDEC unary_exp .   (rule 129)

    $default	reduce using rule 129 (unary_exp)



state 98

    unary_exp  ->  TMINUS unary_exp .   (rule 126)

    $default	reduce using rule 126 (unary_exp)



state 99

    primary_exp  ->  TLPAREN expression . TRPAREN   (rule 145)
    primary_exp  ->  TLPAREN expression . error   (rule 146)

    error	shift, and go to state 141
    TRPAREN	shift, and go to state 142



state 100

    compound_st  ->  TLBRACE opt_dcl_list opt_stat_list TRBRACE .   (rule 31)

    $default	reduce using rule 31 (compound_st)



state 101

    statement_list  ->  statement_list error .   (rule 56)

    $default	reduce using rule 56 (statement_list)



state 102

    statement_list  ->  statement_list statement .   (rule 57)

    $default	reduce using rule 57 (statement_list)



state 103

    expression_st  ->  opt_expression TSEMI .   (rule 63)

    $default	reduce using rule 63 (expression_st)



state 104

    expression_st  ->  expression error .   (rule 64)

    $default	reduce using rule 64 (expression_st)



state 105

    logical_or_exp  ->  logical_or_exp TOR . logical_and_exp   (rule 94)
    logical_or_exp  ->  logical_or_exp TOR . error   (rule 95)

    error	shift, and go to state 143
    TIDENT	shift, and go to state 46
    TNUMBER	shift, and go to state 47
    TREALNUMBER	shift, and go to state 48
    TNOT	shift, and go to state 52
    TINC	shift, and go to state 53
    TDEC	shift, and go to state 54
    TMINUS	shift, and go to state 55
    TLPAREN	shift, and go to state 56

    logical_and_exp	go to state 144
    equality_exp	go to state 70
    relational_exp	go to state 71
    additive_exp	go to state 72
    multiplicative_exp	go to state 73
    unary_exp	go to state 145
    postfix_exp	go to state 75
    primary_exp	go to state 76



state 106

    logical_and_exp  ->  logical_and_exp TAND . equality_exp   (rule 97)
    logical_and_exp  ->  logical_and_exp TAND . error   (rule 98)

    error	shift, and go to state 146
    TIDENT	shift, and go to state 46
    TNUMBER	shift, and go to state 47
    TREALNUMBER	shift, and go to state 48
    TNOT	shift, and go to state 52
    TINC	shift, and go to state 53
    TDEC	shift, and go to state 54
    TMINUS	shift, and go to state 55
    TLPAREN	shift, and go to state 56

    equality_exp	go to state 147
    relational_exp	go to state 71
    additive_exp	go to state 72
    multiplicative_exp	go to state 73
    unary_exp	go to state 145
    postfix_exp	go to state 75
    primary_exp	go to state 76



state 107

    equality_exp  ->  equality_exp TEQUAL . relational_exp   (rule 100)
    equality_exp  ->  equality_exp TEQUAL . error   (rule 102)

    error	shift, and go to state 148
    TIDENT	shift, and go to state 46
    TNUMBER	shift, and go to state 47
    TREALNUMBER	shift, and go to state 48
    TNOT	shift, and go to state 52
    TINC	shift, and go to state 53
    TDEC	shift, and go to state 54
    TMINUS	shift, and go to state 55
    TLPAREN	shift, and go to state 56

    relational_exp	go to state 149
    additive_exp	go to state 72
    multiplicative_exp	go to state 73
    unary_exp	go to state 145
    postfix_exp	go to state 75
    primary_exp	go to state 76



state 108

    equality_exp  ->  equality_exp TNOTEQU . relational_exp   (rule 101)
    equality_exp  ->  equality_exp TNOTEQU . error   (rule 103)

    error	shift, and go to state 150
    TIDENT	shift, and go to state 46
    TNUMBER	shift, and go to state 47
    TREALNUMBER	shift, and go to state 48
    TNOT	shift, and go to state 52
    TINC	shift, and go to state 53
    TDEC	shift, and go to state 54
    TMINUS	shift, and go to state 55
    TLPAREN	shift, and go to state 56

    relational_exp	go to state 151
    additive_exp	go to state 72
    multiplicative_exp	go to state 73
    unary_exp	go to state 145
    postfix_exp	go to state 75
    primary_exp	go to state 76



state 109

    relational_exp  ->  relational_exp TGREAT . additive_exp   (rule 105)
    relational_exp  ->  relational_exp TGREAT . error   (rule 109)

    error	shift, and go to state 152
    TIDENT	shift, and go to state 46
    TNUMBER	shift, and go to state 47
    TREALNUMBER	shift, and go to state 48
    TNOT	shift, and go to state 52
    TINC	shift, and go to state 53
    TDEC	shift, and go to state 54
    TMINUS	shift, and go to state 55
    TLPAREN	shift, and go to state 56

    additive_exp	go to state 153
    multiplicative_exp	go to state 73
    unary_exp	go to state 145
    postfix_exp	go to state 75
    primary_exp	go to state 76



state 110

    relational_exp  ->  relational_exp TGREATE . additive_exp   (rule 107)
    relational_exp  ->  relational_exp TGREATE . error   (rule 111)

    error	shift, and go to state 154
    TIDENT	shift, and go to state 46
    TNUMBER	shift, and go to state 47
    TREALNUMBER	shift, and go to state 48
    TNOT	shift, and go to state 52
    TINC	shift, and go to state 53
    TDEC	shift, and go to state 54
    TMINUS	shift, and go to state 55
    TLPAREN	shift, and go to state 56

    additive_exp	go to state 155
    multiplicative_exp	go to state 73
    unary_exp	go to state 145
    postfix_exp	go to state 75
    primary_exp	go to state 76



state 111

    relational_exp  ->  relational_exp TLESS . additive_exp   (rule 106)
    relational_exp  ->  relational_exp TLESS . error   (rule 110)

    error	shift, and go to state 156
    TIDENT	shift, and go to state 46
    TNUMBER	shift, and go to state 47
    TREALNUMBER	shift, and go to state 48
    TNOT	shift, and go to state 52
    TINC	shift, and go to state 53
    TDEC	shift, and go to state 54
    TMINUS	shift, and go to state 55
    TLPAREN	shift, and go to state 56

    additive_exp	go to state 157
    multiplicative_exp	go to state 73
    unary_exp	go to state 145
    postfix_exp	go to state 75
    primary_exp	go to state 76



state 112

    relational_exp  ->  relational_exp TLESSE . additive_exp   (rule 108)
    relational_exp  ->  relational_exp TLESSE . error   (rule 112)

    error	shift, and go to state 158
    TIDENT	shift, and go to state 46
    TNUMBER	shift, and go to state 47
    TREALNUMBER	shift, and go to state 48
    TNOT	shift, and go to state 52
    TINC	shift, and go to state 53
    TDEC	shift, and go to state 54
    TMINUS	shift, and go to state 55
    TLPAREN	shift, and go to state 56

    additive_exp	go to state 159
    multiplicative_exp	go to state 73
    unary_exp	go to state 145
    postfix_exp	go to state 75
    primary_exp	go to state 76



state 113

    additive_exp  ->  additive_exp TPLUS . multiplicative_exp   (rule 114)
    additive_exp  ->  additive_exp TPLUS . error   (rule 116)

    error	shift, and go to state 160
    TIDENT	shift, and go to state 46
    TNUMBER	shift, and go to state 47
    TREALNUMBER	shift, and go to state 48
    TNOT	shift, and go to state 52
    TINC	shift, and go to state 53
    TDEC	shift, and go to state 54
    TMINUS	shift, and go to state 55
    TLPAREN	shift, and go to state 56

    multiplicative_exp	go to state 161
    unary_exp	go to state 145
    postfix_exp	go to state 75
    primary_exp	go to state 76



state 114

    additive_exp  ->  additive_exp TMINUS . multiplicative_exp   (rule 115)
    additive_exp  ->  additive_exp TMINUS . error   (rule 117)

    error	shift, and go to state 162
    TIDENT	shift, and go to state 46
    TNUMBER	shift, and go to state 47
    TREALNUMBER	shift, and go to state 48
    TNOT	shift, and go to state 52
    TINC	shift, and go to state 53
    TDEC	shift, and go to state 54
    TMINUS	shift, and go to state 55
    TLPAREN	shift, and go to state 56

    multiplicative_exp	go to state 163
    unary_exp	go to state 145
    postfix_exp	go to state 75
    primary_exp	go to state 76



state 115

    multiplicative_exp  ->  multiplicative_exp TSTAR . unary_exp   (rule 119)
    multiplicative_exp  ->  multiplicative_exp TSTAR . error   (rule 122)

    error	shift, and go to state 164
    TIDENT	shift, and go to state 46
    TNUMBER	shift, and go to state 47
    TREALNUMBER	shift, and go to state 48
    TNOT	shift, and go to state 52
    TINC	shift, and go to state 53
    TDEC	shift, and go to state 54
    TMINUS	shift, and go to state 55
    TLPAREN	shift, and go to state 56

    unary_exp	go to state 165
    postfix_exp	go to state 75
    primary_exp	go to state 76



state 116

    multiplicative_exp  ->  multiplicative_exp TSLASH . unary_exp   (rule 120)
    multiplicative_exp  ->  multiplicative_exp TSLASH . error   (rule 123)

    error	shift, and go to state 166
    TIDENT	shift, and go to state 46
    TNUMBER	shift, and go to state 47
    TREALNUMBER	shift, and go to state 48
    TNOT	shift, and go to state 52
    TINC	shift, and go to state 53
    TDEC	shift, and go to state 54
    TMINUS	shift, and go to state 55
    TLPAREN	shift, and go to state 56

    unary_exp	go to state 167
    postfix_exp	go to state 75
    primary_exp	go to state 76



state 117

    multiplicative_exp  ->  multiplicative_exp TMOD . unary_exp   (rule 121)
    multiplicative_exp  ->  multiplicative_exp TMOD . error   (rule 124)

    error	shift, and go to state 168
    TIDENT	shift, and go to state 46
    TNUMBER	shift, and go to state 47
    TREALNUMBER	shift, and go to state 48
    TNOT	shift, and go to state 52
    TINC	shift, and go to state 53
    TDEC	shift, and go to state 54
    TMINUS	shift, and go to state 55
    TLPAREN	shift, and go to state 56

    unary_exp	go to state 169
    postfix_exp	go to state 75
    primary_exp	go to state 76



state 118

    assignment_exp  ->  unary_exp TASSIGN . assignment_exp   (rule 81)
    assignment_exp  ->  unary_exp TASSIGN .   (rule 87)

    TIDENT	shift, and go to state 46
    TNUMBER	shift, and go to state 47
    TREALNUMBER	shift, and go to state 48
    TNOT	shift, and go to state 52
    TINC	shift, and go to state 53
    TDEC	shift, and go to state 54
    TMINUS	shift, and go to state 55
    TLPAREN	shift, and go to state 56

    $default	reduce using rule 87 (assignment_exp)

    assignment_exp	go to state 170
    logical_or_exp	go to state 68
    logical_and_exp	go to state 69
    equality_exp	go to state 70
    relational_exp	go to state 71
    additive_exp	go to state 72
    multiplicative_exp	go to state 73
    unary_exp	go to state 74
    postfix_exp	go to state 75
    primary_exp	go to state 76



state 119

    assignment_exp  ->  unary_exp TADDASSIGN . assignment_exp   (rule 82)
    assignment_exp  ->  unary_exp TADDASSIGN .   (rule 88)

    TIDENT	shift, and go to state 46
    TNUMBER	shift, and go to state 47
    TREALNUMBER	shift, and go to state 48
    TNOT	shift, and go to state 52
    TINC	shift, and go to state 53
    TDEC	shift, and go to state 54
    TMINUS	shift, and go to state 55
    TLPAREN	shift, and go to state 56

    $default	reduce using rule 88 (assignment_exp)

    assignment_exp	go to state 171
    logical_or_exp	go to state 68
    logical_and_exp	go to state 69
    equality_exp	go to state 70
    relational_exp	go to state 71
    additive_exp	go to state 72
    multiplicative_exp	go to state 73
    unary_exp	go to state 74
    postfix_exp	go to state 75
    primary_exp	go to state 76



state 120

    assignment_exp  ->  unary_exp TSUBASSIGN . assignment_exp   (rule 83)
    assignment_exp  ->  unary_exp TSUBASSIGN .   (rule 89)

    TIDENT	shift, and go to state 46
    TNUMBER	shift, and go to state 47
    TREALNUMBER	shift, and go to state 48
    TNOT	shift, and go to state 52
    TINC	shift, and go to state 53
    TDEC	shift, and go to state 54
    TMINUS	shift, and go to state 55
    TLPAREN	shift, and go to state 56

    $default	reduce using rule 89 (assignment_exp)

    assignment_exp	go to state 172
    logical_or_exp	go to state 68
    logical_and_exp	go to state 69
    equality_exp	go to state 70
    relational_exp	go to state 71
    additive_exp	go to state 72
    multiplicative_exp	go to state 73
    unary_exp	go to state 74
    postfix_exp	go to state 75
    primary_exp	go to state 76



state 121

    assignment_exp  ->  unary_exp TMULASSIGN . assignment_exp   (rule 84)
    assignment_exp  ->  unary_exp TMULASSIGN .   (rule 90)

    TIDENT	shift, and go to state 46
    TNUMBER	shift, and go to state 47
    TREALNUMBER	shift, and go to state 48
    TNOT	shift, and go to state 52
    TINC	shift, and go to state 53
    TDEC	shift, and go to state 54
    TMINUS	shift, and go to state 55
    TLPAREN	shift, and go to state 56

    $default	reduce using rule 90 (assignment_exp)

    assignment_exp	go to state 173
    logical_or_exp	go to state 68
    logical_and_exp	go to state 69
    equality_exp	go to state 70
    relational_exp	go to state 71
    additive_exp	go to state 72
    multiplicative_exp	go to state 73
    unary_exp	go to state 74
    postfix_exp	go to state 75
    primary_exp	go to state 76



state 122

    assignment_exp  ->  unary_exp TDIVASSIGN . assignment_exp   (rule 85)
    assignment_exp  ->  unary_exp TDIVASSIGN .   (rule 91)

    TIDENT	shift, and go to state 46
    TNUMBER	shift, and go to state 47
    TREALNUMBER	shift, and go to state 48
    TNOT	shift, and go to state 52
    TINC	shift, and go to state 53
    TDEC	shift, and go to state 54
    TMINUS	shift, and go to state 55
    TLPAREN	shift, and go to state 56

    $default	reduce using rule 91 (assignment_exp)

    assignment_exp	go to state 174
    logical_or_exp	go to state 68
    logical_and_exp	go to state 69
    equality_exp	go to state 70
    relational_exp	go to state 71
    additive_exp	go to state 72
    multiplicative_exp	go to state 73
    unary_exp	go to state 74
    postfix_exp	go to state 75
    primary_exp	go to state 76



state 123

    assignment_exp  ->  unary_exp TMODASSIGN . assignment_exp   (rule 86)
    assignment_exp  ->  unary_exp TMODASSIGN .   (rule 92)

    TIDENT	shift, and go to state 46
    TNUMBER	shift, and go to state 47
    TREALNUMBER	shift, and go to state 48
    TNOT	shift, and go to state 52
    TINC	shift, and go to state 53
    TDEC	shift, and go to state 54
    TMINUS	shift, and go to state 55
    TLPAREN	shift, and go to state 56

    $default	reduce using rule 92 (assignment_exp)

    assignment_exp	go to state 175
    logical_or_exp	go to state 68
    logical_and_exp	go to state 69
    equality_exp	go to state 70
    relational_exp	go to state 71
    additive_exp	go to state 72
    multiplicative_exp	go to state 73
    unary_exp	go to state 74
    postfix_exp	go to state 75
    primary_exp	go to state 76



state 124

    postfix_exp  ->  postfix_exp TINC .   (rule 135)

    $default	reduce using rule 135 (postfix_exp)



state 125

    postfix_exp  ->  postfix_exp TDEC .   (rule 136)

    $default	reduce using rule 136 (postfix_exp)



state 126

    postfix_exp  ->  postfix_exp TLPAREN . opt_actual_param TRPAREN   (rule 133)
    postfix_exp  ->  postfix_exp TLPAREN . opt_actual_param error   (rule 134)

    TIDENT	shift, and go to state 46
    TNUMBER	shift, and go to state 47
    TREALNUMBER	shift, and go to state 48
    TNOT	shift, and go to state 52
    TINC	shift, and go to state 53
    TDEC	shift, and go to state 54
    TMINUS	shift, and go to state 55
    TLPAREN	shift, and go to state 56

    $default	reduce using rule 138 (opt_actual_param)

    assignment_exp	go to state 176
    logical_or_exp	go to state 68
    logical_and_exp	go to state 69
    equality_exp	go to state 70
    relational_exp	go to state 71
    additive_exp	go to state 72
    multiplicative_exp	go to state 73
    unary_exp	go to state 74
    postfix_exp	go to state 75
    opt_actual_param	go to state 177
    actual_param	go to state 178
    actual_param_list	go to state 179
    primary_exp	go to state 76



state 127

    postfix_exp  ->  postfix_exp TLBRACKET . expression TRBRACKET   (rule 131)
    postfix_exp  ->  postfix_exp TLBRACKET . expression error   (rule 132)

    TIDENT	shift, and go to state 46
    TNUMBER	shift, and go to state 47
    TREALNUMBER	shift, and go to state 48
    TNOT	shift, and go to state 52
    TINC	shift, and go to state 53
    TDEC	shift, and go to state 54
    TMINUS	shift, and go to state 55
    TLPAREN	shift, and go to state 56

    expression	go to state 180
    assignment_exp	go to state 67
    logical_or_exp	go to state 68
    logical_and_exp	go to state 69
    equality_exp	go to state 70
    relational_exp	go to state 71
    additive_exp	go to state 72
    multiplicative_exp	go to state 73
    unary_exp	go to state 74
    postfix_exp	go to state 75
    primary_exp	go to state 76



state 128

    declarator  ->  TIDENT TLBRACKET opt_number error .   (rule 50)

    $default	reduce using rule 50 (declarator)



state 129

    declarator  ->  TIDENT TLBRACKET opt_number TRBRACKET .   (rule 49)

    $default	reduce using rule 49 (declarator)



state 130

    param_dcl  ->  dcl_spec declarator .   (rule 30)

    $default	reduce using rule 30 (param_dcl)



state 131

    formal_param  ->  TLPAREN opt_formal_param error .   (rule 23)

    $default	reduce using rule 23 (formal_param)



state 132

    formal_param  ->  TLPAREN opt_formal_param TRPAREN .   (rule 22)

    $default	reduce using rule 22 (formal_param)



state 133

    formal_param_list  ->  formal_param_list TCOMMA . param_dcl   (rule 27)
    formal_param_list  ->  formal_param_list TCOMMA . error   (rule 28)

    error	shift, and go to state 181
    TCONST	shift, and go to state 3
    TINT	shift, and go to state 4
    TVOID	shift, and go to state 5
    TFLOAT	shift, and go to state 6

    dcl_spec	go to state 80
    dcl_specifiers	go to state 12
    dcl_specifier	go to state 13
    type_qualifier	go to state 14
    type_specifier	go to state 15
    param_dcl	go to state 182



state 134

    formal_param_list  ->  formal_param_list param_dcl .   (rule 29)

    $default	reduce using rule 29 (formal_param_list)



state 135

    if_st  ->  TIF TLPAREN TRPAREN . error   (rule 70)

    error	shift, and go to state 183



state 136

    if_st  ->  TIF TLPAREN expression . TRPAREN statement   (rule 67)
    if_st  ->  TIF TLPAREN expression . TRPAREN statement TELSE statement   (rule 68)
    if_st  ->  TIF TLPAREN expression . error   (rule 69)

    error	shift, and go to state 184
    TRPAREN	shift, and go to state 185



state 137

    return_st  ->  TRETURN opt_expression error .   (rule 78)

    $default	reduce using rule 78 (return_st)



state 138

    return_st  ->  TRETURN opt_expression TSEMI .   (rule 77)

    $default	reduce using rule 77 (return_st)



state 139

    while_st  ->  TWHILE TLPAREN TRPAREN . error   (rule 75)

    error	shift, and go to state 186



state 140

    while_st  ->  TWHILE TLPAREN expression . TRPAREN TLBRACE statement TRBRACE   (rule 72)
    while_st  ->  TWHILE TLPAREN expression . TRPAREN TLBRACE statement error   (rule 73)
    while_st  ->  TWHILE TLPAREN expression . error   (rule 74)

    error	shift, and go to state 187
    TRPAREN	shift, and go to state 188



state 141

    primary_exp  ->  TLPAREN expression error .   (rule 146)

    $default	reduce using rule 146 (primary_exp)



state 142

    primary_exp  ->  TLPAREN expression TRPAREN .   (rule 145)

    $default	reduce using rule 145 (primary_exp)



state 143

    logical_or_exp  ->  logical_or_exp TOR error .   (rule 95)

    $default	reduce using rule 95 (logical_or_exp)



state 144

    logical_or_exp  ->  logical_or_exp TOR logical_and_exp .   (rule 94)
    logical_and_exp  ->  logical_and_exp . TAND equality_exp   (rule 97)
    logical_and_exp  ->  logical_and_exp . TAND error   (rule 98)

    TAND	shift, and go to state 106

    $default	reduce using rule 94 (logical_or_exp)



state 145

    multiplicative_exp  ->  unary_exp .   (rule 118)

    $default	reduce using rule 118 (multiplicative_exp)



state 146

    logical_and_exp  ->  logical_and_exp TAND error .   (rule 98)

    $default	reduce using rule 98 (logical_and_exp)



state 147

    logical_and_exp  ->  logical_and_exp TAND equality_exp .   (rule 97)
    equality_exp  ->  equality_exp . TEQUAL relational_exp   (rule 100)
    equality_exp  ->  equality_exp . TNOTEQU relational_exp   (rule 101)
    equality_exp  ->  equality_exp . TEQUAL error   (rule 102)
    equality_exp  ->  equality_exp . TNOTEQU error   (rule 103)

    TEQUAL	shift, and go to state 107
    TNOTEQU	shift, and go to state 108

    $default	reduce using rule 97 (logical_and_exp)



state 148

    equality_exp  ->  equality_exp TEQUAL error .   (rule 102)

    $default	reduce using rule 102 (equality_exp)



state 149

    equality_exp  ->  equality_exp TEQUAL relational_exp .   (rule 100)
    relational_exp  ->  relational_exp . TGREAT additive_exp   (rule 105)
    relational_exp  ->  relational_exp . TLESS additive_exp   (rule 106)
    relational_exp  ->  relational_exp . TGREATE additive_exp   (rule 107)
    relational_exp  ->  relational_exp . TLESSE additive_exp   (rule 108)
    relational_exp  ->  relational_exp . TGREAT error   (rule 109)
    relational_exp  ->  relational_exp . TLESS error   (rule 110)
    relational_exp  ->  relational_exp . TGREATE error   (rule 111)
    relational_exp  ->  relational_exp . TLESSE error   (rule 112)

    TGREAT	shift, and go to state 109
    TGREATE	shift, and go to state 110
    TLESS	shift, and go to state 111
    TLESSE	shift, and go to state 112

    $default	reduce using rule 100 (equality_exp)



state 150

    equality_exp  ->  equality_exp TNOTEQU error .   (rule 103)

    $default	reduce using rule 103 (equality_exp)



state 151

    equality_exp  ->  equality_exp TNOTEQU relational_exp .   (rule 101)
    relational_exp  ->  relational_exp . TGREAT additive_exp   (rule 105)
    relational_exp  ->  relational_exp . TLESS additive_exp   (rule 106)
    relational_exp  ->  relational_exp . TGREATE additive_exp   (rule 107)
    relational_exp  ->  relational_exp . TLESSE additive_exp   (rule 108)
    relational_exp  ->  relational_exp . TGREAT error   (rule 109)
    relational_exp  ->  relational_exp . TLESS error   (rule 110)
    relational_exp  ->  relational_exp . TGREATE error   (rule 111)
    relational_exp  ->  relational_exp . TLESSE error   (rule 112)

    TGREAT	shift, and go to state 109
    TGREATE	shift, and go to state 110
    TLESS	shift, and go to state 111
    TLESSE	shift, and go to state 112

    $default	reduce using rule 101 (equality_exp)



state 152

    relational_exp  ->  relational_exp TGREAT error .   (rule 109)

    $default	reduce using rule 109 (relational_exp)



state 153

    relational_exp  ->  relational_exp TGREAT additive_exp .   (rule 105)
    additive_exp  ->  additive_exp . TPLUS multiplicative_exp   (rule 114)
    additive_exp  ->  additive_exp . TMINUS multiplicative_exp   (rule 115)
    additive_exp  ->  additive_exp . TPLUS error   (rule 116)
    additive_exp  ->  additive_exp . TMINUS error   (rule 117)

    TPLUS	shift, and go to state 113
    TMINUS	shift, and go to state 114

    $default	reduce using rule 105 (relational_exp)



state 154

    relational_exp  ->  relational_exp TGREATE error .   (rule 111)

    $default	reduce using rule 111 (relational_exp)



state 155

    relational_exp  ->  relational_exp TGREATE additive_exp .   (rule 107)
    additive_exp  ->  additive_exp . TPLUS multiplicative_exp   (rule 114)
    additive_exp  ->  additive_exp . TMINUS multiplicative_exp   (rule 115)
    additive_exp  ->  additive_exp . TPLUS error   (rule 116)
    additive_exp  ->  additive_exp . TMINUS error   (rule 117)

    TPLUS	shift, and go to state 113
    TMINUS	shift, and go to state 114

    $default	reduce using rule 107 (relational_exp)



state 156

    relational_exp  ->  relational_exp TLESS error .   (rule 110)

    $default	reduce using rule 110 (relational_exp)



state 157

    relational_exp  ->  relational_exp TLESS additive_exp .   (rule 106)
    additive_exp  ->  additive_exp . TPLUS multiplicative_exp   (rule 114)
    additive_exp  ->  additive_exp . TMINUS multiplicative_exp   (rule 115)
    additive_exp  ->  additive_exp . TPLUS error   (rule 116)
    additive_exp  ->  additive_exp . TMINUS error   (rule 117)

    TPLUS	shift, and go to state 113
    TMINUS	shift, and go to state 114

    $default	reduce using rule 106 (relational_exp)



state 158

    relational_exp  ->  relational_exp TLESSE error .   (rule 112)

    $default	reduce using rule 112 (relational_exp)



state 159

    relational_exp  ->  relational_exp TLESSE additive_exp .   (rule 108)
    additive_exp  ->  additive_exp . TPLUS multiplicative_exp   (rule 114)
    additive_exp  ->  additive_exp . TMINUS multiplicative_exp   (rule 115)
    additive_exp  ->  additive_exp . TPLUS error   (rule 116)
    additive_exp  ->  additive_exp . TMINUS error   (rule 117)

    TPLUS	shift, and go to state 113
    TMINUS	shift, and go to state 114

    $default	reduce using rule 108 (relational_exp)



state 160

    additive_exp  ->  additive_exp TPLUS error .   (rule 116)

    $default	reduce using rule 116 (additive_exp)



state 161

    additive_exp  ->  additive_exp TPLUS multiplicative_exp .   (rule 114)
    multiplicative_exp  ->  multiplicative_exp . TSTAR unary_exp   (rule 119)
    multiplicative_exp  ->  multiplicative_exp . TSLASH unary_exp   (rule 120)
    multiplicative_exp  ->  multiplicative_exp . TMOD unary_exp   (rule 121)
    multiplicative_exp  ->  multiplicative_exp . TSTAR error   (rule 122)
    multiplicative_exp  ->  multiplicative_exp . TSLASH error   (rule 123)
    multiplicative_exp  ->  multiplicative_exp . TMOD error   (rule 124)

    TSTAR	shift, and go to state 115
    TSLASH	shift, and go to state 116
    TMOD	shift, and go to state 117

    $default	reduce using rule 114 (additive_exp)



state 162

    additive_exp  ->  additive_exp TMINUS error .   (rule 117)

    $default	reduce using rule 117 (additive_exp)



state 163

    additive_exp  ->  additive_exp TMINUS multiplicative_exp .   (rule 115)
    multiplicative_exp  ->  multiplicative_exp . TSTAR unary_exp   (rule 119)
    multiplicative_exp  ->  multiplicative_exp . TSLASH unary_exp   (rule 120)
    multiplicative_exp  ->  multiplicative_exp . TMOD unary_exp   (rule 121)
    multiplicative_exp  ->  multiplicative_exp . TSTAR error   (rule 122)
    multiplicative_exp  ->  multiplicative_exp . TSLASH error   (rule 123)
    multiplicative_exp  ->  multiplicative_exp . TMOD error   (rule 124)

    TSTAR	shift, and go to state 115
    TSLASH	shift, and go to state 116
    TMOD	shift, and go to state 117

    $default	reduce using rule 115 (additive_exp)



state 164

    multiplicative_exp  ->  multiplicative_exp TSTAR error .   (rule 122)

    $default	reduce using rule 122 (multiplicative_exp)



state 165

    multiplicative_exp  ->  multiplicative_exp TSTAR unary_exp .   (rule 119)

    $default	reduce using rule 119 (multiplicative_exp)



state 166

    multiplicative_exp  ->  multiplicative_exp TSLASH error .   (rule 123)

    $default	reduce using rule 123 (multiplicative_exp)



state 167

    multiplicative_exp  ->  multiplicative_exp TSLASH unary_exp .   (rule 120)

    $default	reduce using rule 120 (multiplicative_exp)



state 168

    multiplicative_exp  ->  multiplicative_exp TMOD error .   (rule 124)

    $default	reduce using rule 124 (multiplicative_exp)



state 169

    multiplicative_exp  ->  multiplicative_exp TMOD unary_exp .   (rule 121)

    $default	reduce using rule 121 (multiplicative_exp)



state 170

    assignment_exp  ->  unary_exp TASSIGN assignment_exp .   (rule 81)

    $default	reduce using rule 81 (assignment_exp)



state 171

    assignment_exp  ->  unary_exp TADDASSIGN assignment_exp .   (rule 82)

    $default	reduce using rule 82 (assignment_exp)



state 172

    assignment_exp  ->  unary_exp TSUBASSIGN assignment_exp .   (rule 83)

    $default	reduce using rule 83 (assignment_exp)



state 173

    assignment_exp  ->  unary_exp TMULASSIGN assignment_exp .   (rule 84)

    $default	reduce using rule 84 (assignment_exp)



state 174

    assignment_exp  ->  unary_exp TDIVASSIGN assignment_exp .   (rule 85)

    $default	reduce using rule 85 (assignment_exp)



state 175

    assignment_exp  ->  unary_exp TMODASSIGN assignment_exp .   (rule 86)

    $default	reduce using rule 86 (assignment_exp)



state 176

    actual_param_list  ->  assignment_exp .   (rule 140)

    $default	reduce using rule 140 (actual_param_list)



state 177

    postfix_exp  ->  postfix_exp TLPAREN opt_actual_param . TRPAREN   (rule 133)
    postfix_exp  ->  postfix_exp TLPAREN opt_actual_param . error   (rule 134)

    error	shift, and go to state 189
    TRPAREN	shift, and go to state 190



state 178

    opt_actual_param  ->  actual_param .   (rule 137)

    $default	reduce using rule 137 (opt_actual_param)



state 179

    actual_param  ->  actual_param_list .   (rule 139)
    actual_param_list  ->  actual_param_list . TCOMMA assignment_exp   (rule 141)

    TCOMMA	shift, and go to state 191

    $default	reduce using rule 139 (actual_param)



state 180

    postfix_exp  ->  postfix_exp TLBRACKET expression . TRBRACKET   (rule 131)
    postfix_exp  ->  postfix_exp TLBRACKET expression . error   (rule 132)

    error	shift, and go to state 192
    TRBRACKET	shift, and go to state 193



state 181

    formal_param_list  ->  formal_param_list TCOMMA error .   (rule 28)

    $default	reduce using rule 28 (formal_param_list)



state 182

    formal_param_list  ->  formal_param_list TCOMMA param_dcl .   (rule 27)

    $default	reduce using rule 27 (formal_param_list)



state 183

    if_st  ->  TIF TLPAREN TRPAREN error .   (rule 70)

    $default	reduce using rule 70 (if_st)



state 184

    if_st  ->  TIF TLPAREN expression error .   (rule 69)

    $default	reduce using rule 69 (if_st)



state 185

    if_st  ->  TIF TLPAREN expression TRPAREN . statement   (rule 67)
    if_st  ->  TIF TLPAREN expression TRPAREN . statement TELSE statement   (rule 68)

    TIDENT	shift, and go to state 46
    TNUMBER	shift, and go to state 47
    TREALNUMBER	shift, and go to state 48
    TIF 	shift, and go to state 49
    TRETURN	shift, and go to state 50
    TWHILE	shift, and go to state 51
    TNOT	shift, and go to state 52
    TINC	shift, and go to state 53
    TDEC	shift, and go to state 54
    TMINUS	shift, and go to state 55
    TLPAREN	shift, and go to state 56
    TLBRACE	shift, and go to state 17

    $default	reduce using rule 66 (opt_expression)

    compound_st	go to state 57
    statement	go to state 194
    expression_st	go to state 61
    opt_expression	go to state 62
    if_st	go to state 63
    while_st	go to state 64
    return_st	go to state 65
    expression	go to state 66
    assignment_exp	go to state 67
    logical_or_exp	go to state 68
    logical_and_exp	go to state 69
    equality_exp	go to state 70
    relational_exp	go to state 71
    additive_exp	go to state 72
    multiplicative_exp	go to state 73
    unary_exp	go to state 74
    postfix_exp	go to state 75
    primary_exp	go to state 76



state 186

    while_st  ->  TWHILE TLPAREN TRPAREN error .   (rule 75)

    $default	reduce using rule 75 (while_st)



state 187

    while_st  ->  TWHILE TLPAREN expression error .   (rule 74)

    $default	reduce using rule 74 (while_st)



state 188

    while_st  ->  TWHILE TLPAREN expression TRPAREN . TLBRACE statement TRBRACE   (rule 72)
    while_st  ->  TWHILE TLPAREN expression TRPAREN . TLBRACE statement error   (rule 73)

    TLBRACE	shift, and go to state 195



state 189

    postfix_exp  ->  postfix_exp TLPAREN opt_actual_param error .   (rule 134)

    $default	reduce using rule 134 (postfix_exp)



state 190

    postfix_exp  ->  postfix_exp TLPAREN opt_actual_param TRPAREN .   (rule 133)

    $default	reduce using rule 133 (postfix_exp)



state 191

    actual_param_list  ->  actual_param_list TCOMMA . assignment_exp   (rule 141)

    TIDENT	shift, and go to state 46
    TNUMBER	shift, and go to state 47
    TREALNUMBER	shift, and go to state 48
    TNOT	shift, and go to state 52
    TINC	shift, and go to state 53
    TDEC	shift, and go to state 54
    TMINUS	shift, and go to state 55
    TLPAREN	shift, and go to state 56

    assignment_exp	go to state 196
    logical_or_exp	go to state 68
    logical_and_exp	go to state 69
    equality_exp	go to state 70
    relational_exp	go to state 71
    additive_exp	go to state 72
    multiplicative_exp	go to state 73
    unary_exp	go to state 74
    postfix_exp	go to state 75
    primary_exp	go to state 76



state 192

    postfix_exp  ->  postfix_exp TLBRACKET expression error .   (rule 132)

    $default	reduce using rule 132 (postfix_exp)



state 193

    postfix_exp  ->  postfix_exp TLBRACKET expression TRBRACKET .   (rule 131)

    $default	reduce using rule 131 (postfix_exp)



state 194

    if_st  ->  TIF TLPAREN expression TRPAREN statement .   (rule 67)
    if_st  ->  TIF TLPAREN expression TRPAREN statement . TELSE statement   (rule 68)

    TELSE	shift, and go to state 197

    $default	reduce using rule 67 (if_st)



state 195

    while_st  ->  TWHILE TLPAREN expression TRPAREN TLBRACE . statement TRBRACE   (rule 72)
    while_st  ->  TWHILE TLPAREN expression TRPAREN TLBRACE . statement error   (rule 73)

    TIDENT	shift, and go to state 46
    TNUMBER	shift, and go to state 47
    TREALNUMBER	shift, and go to state 48
    TIF 	shift, and go to state 49
    TRETURN	shift, and go to state 50
    TWHILE	shift, and go to state 51
    TNOT	shift, and go to state 52
    TINC	shift, and go to state 53
    TDEC	shift, and go to state 54
    TMINUS	shift, and go to state 55
    TLPAREN	shift, and go to state 56
    TLBRACE	shift, and go to state 17

    $default	reduce using rule 66 (opt_expression)

    compound_st	go to state 57
    statement	go to state 198
    expression_st	go to state 61
    opt_expression	go to state 62
    if_st	go to state 63
    while_st	go to state 64
    return_st	go to state 65
    expression	go to state 66
    assignment_exp	go to state 67
    logical_or_exp	go to state 68
    logical_and_exp	go to state 69
    equality_exp	go to state 70
    relational_exp	go to state 71
    additive_exp	go to state 72
    multiplicative_exp	go to state 73
    unary_exp	go to state 74
    postfix_exp	go to state 75
    primary_exp	go to state 76



state 196

    actual_param_list  ->  actual_param_list TCOMMA assignment_exp .   (rule 141)

    $default	reduce using rule 141 (actual_param_list)



state 197

    if_st  ->  TIF TLPAREN expression TRPAREN statement TELSE . statement   (rule 68)

    TIDENT	shift, and go to state 46
    TNUMBER	shift, and go to state 47
    TREALNUMBER	shift, and go to state 48
    TIF 	shift, and go to state 49
    TRETURN	shift, and go to state 50
    TWHILE	shift, and go to state 51
    TNOT	shift, and go to state 52
    TINC	shift, and go to state 53
    TDEC	shift, and go to state 54
    TMINUS	shift, and go to state 55
    TLPAREN	shift, and go to state 56
    TLBRACE	shift, and go to state 17

    $default	reduce using rule 66 (opt_expression)

    compound_st	go to state 57
    statement	go to state 199
    expression_st	go to state 61
    opt_expression	go to state 62
    if_st	go to state 63
    while_st	go to state 64
    return_st	go to state 65
    expression	go to state 66
    assignment_exp	go to state 67
    logical_or_exp	go to state 68
    logical_and_exp	go to state 69
    equality_exp	go to state 70
    relational_exp	go to state 71
    additive_exp	go to state 72
    multiplicative_exp	go to state 73
    unary_exp	go to state 74
    postfix_exp	go to state 75
    primary_exp	go to state 76



state 198

    while_st  ->  TWHILE TLPAREN expression TRPAREN TLBRACE statement . TRBRACE   (rule 72)
    while_st  ->  TWHILE TLPAREN expression TRPAREN TLBRACE statement . error   (rule 73)

    error	shift, and go to state 200
    TRBRACE	shift, and go to state 201



state 199

    if_st  ->  TIF TLPAREN expression TRPAREN statement TELSE statement .   (rule 68)

    $default	reduce using rule 68 (if_st)



state 200

    while_st  ->  TWHILE TLPAREN expression TRPAREN TLBRACE statement error .   (rule 73)

    $default	reduce using rule 73 (while_st)



state 201

    while_st  ->  TWHILE TLPAREN expression TRPAREN TLBRACE statement TRBRACE .   (rule 72)

    $default	reduce using rule 72 (while_st)



state 202

    $   	go to state 203



state 203

    $   	go to state 204



state 204

    $default	accept
